#
# There is insufficient memory for the Java Runtime Environment to continue.
# Native memory allocation (malloc) failed to allocate 202496 bytes for Chunk::new
# Possible reasons:
#   The system is out of physical RAM or swap space
#   In 32 bit mode, the process size limit was hit
# Possible solutions:
#   Reduce memory load on the system
#   Increase physical memory or swap space
#   Check if swap backing store is full
#   Use 64 bit Java on a 64 bit OS
#   Decrease Java heap size (-Xmx/-Xms)
#   Decrease number of Java threads
#   Decrease Java thread stack sizes (-Xss)
#   Set larger code cache with -XX:ReservedCodeCacheSize=
# This output file may be truncated or incomplete.
#
#  Out of Memory Error (allocation.cpp:390), pid=144056, tid=0x0000000000023238
#
# JRE version: Java(TM) SE Runtime Environment (8.0_151-b12) (build 1.8.0_151-b12)
# Java VM: Java HotSpot(TM) 64-Bit Server VM (25.151-b12 mixed mode windows-amd64 compressed oops)
# Failed to write core dump. Minidumps are not enabled by default on client versions of Windows
#

---------------  T H R E A D  ---------------

Current thread (0x000000001e08b800):  JavaThread "C2 CompilerThread2" daemon [_thread_in_native, id=143928, stack(0x000000001f8d0000,0x000000001f9d0000)]

Stack: [0x000000001f8d0000,0x000000001f9d0000]
[error occurred during error reporting (printing stack bounds), id 0xc0000005]

Native frames: (J=compiled Java code, j=interpreted, Vv=VM code, C=native code)


Current CompileTask:
C2:    324  246  s!   4       sun.misc.URLClassPath::getLoader (243 bytes)


---------------  P R O C E S S  ---------------

Java Threads: ( => current thread )
  0x000000001e0b4000 JavaThread "Service Thread" daemon [_thread_blocked, id=143672, stack(0x000000001fad0000,0x000000001fbd0000)]
  0x000000001e08d800 JavaThread "C1 CompilerThread3" daemon [_thread_in_vm, id=143924, stack(0x000000001f9d0000,0x000000001fad0000)]
=>0x000000001e08b800 JavaThread "C2 CompilerThread2" daemon [_thread_in_native, id=143928, stack(0x000000001f8d0000,0x000000001f9d0000)]
  0x000000001e08b000 JavaThread "C2 CompilerThread1" daemon [_thread_blocked, id=143728, stack(0x000000001f7d0000,0x000000001f8d0000)]
  0x000000001e085800 JavaThread "C2 CompilerThread0" daemon [_thread_in_native, id=143960, stack(0x000000001f6d0000,0x000000001f7d0000)]
  0x000000001e081000 JavaThread "Monitor Ctrl-Break" daemon [_thread_in_native, id=143732, stack(0x000000001f5d0000,0x000000001f6d0000)]
  0x000000001e00e800 JavaThread "Attach Listener" daemon [_thread_blocked, id=143860, stack(0x000000001f4d0000,0x000000001f5d0000)]
  0x000000001e00b800 JavaThread "Signal Dispatcher" daemon [_thread_blocked, id=144004, stack(0x000000001f3d0000,0x000000001f4d0000)]
  0x000000001dff3000 JavaThread "Finalizer" daemon [_thread_blocked, id=143920, stack(0x000000001f260000,0x000000001f360000)]
  0x0000000002d2b000 JavaThread "Reference Handler" daemon [_thread_blocked, id=142580, stack(0x000000001f160000,0x000000001f260000)]
  0x0000000002c33800 JavaThread "main" [_thread_in_Java, id=135828, stack(0x0000000002940000,0x0000000002a40000)]

Other Threads:
  0x000000001c916800 VMThread [stack: 0x000000001f060000,0x000000001f160000] [id=143816]
  0x000000001e0b8800 WatcherThread [stack: 0x000000001fbd0000,0x000000001fcd0000] [id=144192]

VM state:not at safepoint (normal execution)

VM Mutex/Monitor currently owned by a thread: None

Heap:
 PSYoungGen      total 75776K, used 9114K [0x000000076b800000, 0x0000000770c80000, 0x00000007c0000000)
  eden space 65024K, 14% used [0x000000076b800000,0x000000076c0e6b58,0x000000076f780000)
  from space 10752K, 0% used [0x0000000770200000,0x0000000770200000,0x0000000770c80000)
  to   space 10752K, 0% used [0x000000076f780000,0x000000076f780000,0x0000000770200000)
 ParOldGen       total 173568K, used 0K [0x00000006c2800000, 0x00000006cd180000, 0x000000076b800000)
  object space 173568K, 0% used [0x00000006c2800000,0x00000006c2800000,0x00000006cd180000)
 Metaspace       used 5152K, capacity 5344K, committed 5504K, reserved 1056768K
  class space    used 597K, capacity 627K, committed 640K, reserved 1048576K

Card table byte_map: [0x00000000120f0000,0x00000000128e0000] byte_map_base: 0x000000000eadc000

Marking Bits: (ParMarkBitMap*) 0x000000006b1cd850
 Begin Bits: [0x0000000013830000, 0x0000000017790000)
 End Bits:   [0x0000000017790000, 0x000000001b6f0000)

Polling page: 0x0000000000db0000

CodeCache: size=245760Kb used=1671Kb max_used=1676Kb free=244088Kb
 bounds [0x0000000002d30000, 0x0000000002fa0000, 0x0000000011d30000]
 total_blobs=539 nmethods=259 adapters=193
 compilation: enabled

Compilation events (10 events):
Event: 0.313 Thread 0x000000001e08d800  250       1       java.util.jar.JarFile::access$300 (5 bytes)
Event: 0.313 Thread 0x000000001e08d800 nmethod 250 0x0000000002ec4a50 code [0x0000000002ec4ba0, 0x0000000002ec4c90]
Event: 0.314 Thread 0x000000001e08d800  253  s!   3       java.net.URLStreamHandler::getHostAddress (54 bytes)
Event: 0.314 Thread 0x000000001e08d800 nmethod 253 0x0000000002ecec90 code [0x0000000002ecee40, 0x0000000002ecf618]
Event: 0.315 Thread 0x000000001e08d800  254       3       java.nio.charset.CharsetDecoder::maxCharsPerByte (5 bytes)
Event: 0.315 Thread 0x000000001e08d800 nmethod 254 0x0000000002ecb410 code [0x0000000002ecb560, 0x0000000002ecb6b0]
Event: 0.316 Thread 0x000000001e08d800  255       3       java.util.jar.Attributes::getValue (9 bytes)
Event: 0.316 Thread 0x000000001e08d800 nmethod 255 0x0000000002ecad90 code [0x0000000002ecaf00, 0x0000000002ecb268]
Event: 0.316 Thread 0x000000001e08d800  256       3       java.util.jar.Attributes::get (11 bytes)
Event: 0.316 Thread 0x000000001e08d800 nmethod 256 0x0000000002ecf950 code [0x0000000002ecfac0, 0x0000000002ecfce8]

GC Heap History (0 events):
No events

Deoptimization events (0 events):
No events

Internal exceptions (7 events):
Event: 0.038 Thread 0x0000000002c33800 Exception <a 'java/lang/NoSuchMethodError': Method sun.misc.Unsafe.defineClass(Ljava/lang/String;[BII)Ljava/lang/Class; name or signature does not match> (0x000000076b807ca8) thrown at [C:\re\workspace\8-2-build-windows-amd64-cygwin\jdk8u151\9699\hotspot\
Event: 0.038 Thread 0x0000000002c33800 Exception <a 'java/lang/NoSuchMethodError': Method sun.misc.Unsafe.prefetchRead(Ljava/lang/Object;J)V name or signature does not match> (0x000000076b807f90) thrown at [C:\re\workspace\8-2-build-windows-amd64-cygwin\jdk8u151\9699\hotspot\src\share\vm\prims
Event: 0.188 Thread 0x0000000002c33800 Exception <a 'java/io/FileNotFoundException'> (0x000000076bcbf7f0) thrown at [C:\re\workspace\8-2-build-windows-amd64-cygwin\jdk8u151\9699\hotspot\src\share\vm\prims\jni.cpp, line 709]
Event: 0.216 Thread 0x0000000002c33800 Exception <a 'java/security/PrivilegedActionException'> (0x000000076bd53928) thrown at [C:\re\workspace\8-2-build-windows-amd64-cygwin\jdk8u151\9699\hotspot\src\share\vm\prims\jvm.cpp, line 1390]
Event: 0.216 Thread 0x0000000002c33800 Exception <a 'java/security/PrivilegedActionException'> (0x000000076bd53d20) thrown at [C:\re\workspace\8-2-build-windows-amd64-cygwin\jdk8u151\9699\hotspot\src\share\vm\prims\jvm.cpp, line 1390]
Event: 0.216 Thread 0x0000000002c33800 Exception <a 'java/security/PrivilegedActionException'> (0x000000076bd58000) thrown at [C:\re\workspace\8-2-build-windows-amd64-cygwin\jdk8u151\9699\hotspot\src\share\vm\prims\jvm.cpp, line 1390]
Event: 0.216 Thread 0x0000000002c33800 Exception <a 'java/security/PrivilegedActionException'> (0x000000076bd583f8) thrown at [C:\re\workspace\8-2-build-windows-amd64-cygwin\jdk8u151\9699\hotspot\src\share\vm\prims\jvm.cpp, line 1390]

Events (10 events):
Event: 0.315 loading class java/util/concurrent/locks/AbstractQueuedSynchronizer$Node
Event: 0.315 loading class java/util/concurrent/locks/AbstractQueuedSynchronizer$Node done
Event: 0.315 loading class org/junit/runner/notification/RunListener$ThreadSafe
Event: 0.315 loading class org/junit/runner/notification/RunListener$ThreadSafe done
Event: 0.316 loading class org/junit/runner/Result
Event: 0.316 loading class org/junit/runner/Result done
Event: 0.316 loading class org/junit/runner/Result$Listener
Event: 0.316 loading class org/junit/runner/Result$Listener done
Event: 0.317 loading class org/junit/runner/Result$SerializedForm
Event: 0.317 loading class org/junit/runner/Result$SerializedForm done


Dynamic libraries:
0x00007ff7d1810000 - 0x00007ff7d1847000 	C:\Program Files\Java\jdk1.8.0_151\bin\java.exe
0x00007ffc5f6e0000 - 0x00007ffc5f8e9000 	C:\WINDOWS\SYSTEM32\ntdll.dll
0x00007ffc5e6f0000 - 0x00007ffc5e7ad000 	C:\WINDOWS\System32\KERNEL32.DLL
0x00007ffc5cd30000 - 0x00007ffc5d0a9000 	C:\WINDOWS\System32\KERNELBASE.dll
0x00007ffc5e4f0000 - 0x00007ffc5e59e000 	C:\WINDOWS\System32\ADVAPI32.dll
0x00007ffc5d610000 - 0x00007ffc5d6b3000 	C:\WINDOWS\System32\msvcrt.dll
0x00007ffc5d570000 - 0x00007ffc5d60e000 	C:\WINDOWS\System32\sechost.dll
0x00007ffc5dee0000 - 0x00007ffc5e000000 	C:\WINDOWS\System32\RPCRT4.dll
0x00007ffc5dcc0000 - 0x00007ffc5de6c000 	C:\WINDOWS\System32\USER32.dll
0x00007ffc5d290000 - 0x00007ffc5d2b6000 	C:\WINDOWS\System32\win32u.dll
0x00007ffc5e840000 - 0x00007ffc5e869000 	C:\WINDOWS\System32\GDI32.dll
0x00007ffc5d2c0000 - 0x00007ffc5d3d2000 	C:\WINDOWS\System32\gdi32full.dll
0x00007ffc5d170000 - 0x00007ffc5d20d000 	C:\WINDOWS\System32\msvcp_win.dll
0x00007ffc5d3e0000 - 0x00007ffc5d4f1000 	C:\WINDOWS\System32\ucrtbase.dll
0x00007ffc46420000 - 0x00007ffc466c5000 	C:\WINDOWS\WinSxS\amd64_microsoft.windows.common-controls_6595b64144ccf1df_6.0.22000.120_none_9d947278b86cc467\COMCTL32.dll
0x00007ffc5de90000 - 0x00007ffc5dec1000 	C:\WINDOWS\System32\IMM32.DLL
0x000000006b250000 - 0x000000006b322000 	C:\Program Files\Java\jdk1.8.0_151\jre\bin\msvcr100.dll
0x000000006a9b0000 - 0x000000006b24d000 	C:\Program Files\Java\jdk1.8.0_151\jre\bin\server\jvm.dll
0x00007ffc5f500000 - 0x00007ffc5f508000 	C:\WINDOWS\System32\PSAPI.DLL
0x00007ffc56df0000 - 0x00007ffc56e23000 	C:\WINDOWS\SYSTEM32\WINMM.dll
0x00007ffc44e70000 - 0x00007ffc44e79000 	C:\WINDOWS\SYSTEM32\WSOCK32.dll
0x00007ffc521d0000 - 0x00007ffc521da000 	C:\WINDOWS\SYSTEM32\VERSION.dll
0x00007ffc5dc50000 - 0x00007ffc5dcbf000 	C:\WINDOWS\System32\WS2_32.dll
0x000000006a9a0000 - 0x000000006a9af000 	C:\Program Files\Java\jdk1.8.0_151\jre\bin\verify.dll
0x000000006a970000 - 0x000000006a999000 	C:\Program Files\Java\jdk1.8.0_151\jre\bin\java.dll
0x000000006a8a0000 - 0x000000006a8c3000 	C:\Program Files\Java\jdk1.8.0_151\jre\bin\instrument.dll
0x000000006a950000 - 0x000000006a966000 	C:\Program Files\Java\jdk1.8.0_151\jre\bin\zip.dll
0x00007ffc5ed20000 - 0x00007ffc5f4d8000 	C:\WINDOWS\System32\SHELL32.dll
0x00007ffc5ad30000 - 0x00007ffc5b598000 	C:\WINDOWS\SYSTEM32\windows.storage.dll
0x00007ffc5d8d0000 - 0x00007ffc5dc49000 	C:\WINDOWS\System32\combase.dll
0x00007ffc5abc0000 - 0x00007ffc5ad26000 	C:\WINDOWS\SYSTEM32\wintypes.dll
0x00007ffc5e990000 - 0x00007ffc5ea7a000 	C:\WINDOWS\System32\SHCORE.dll
0x00007ffc5ec40000 - 0x00007ffc5ec9d000 	C:\WINDOWS\System32\shlwapi.dll
0x00007ffc5caf0000 - 0x00007ffc5cb11000 	C:\WINDOWS\SYSTEM32\profapi.dll
0x00007ffc4d9c0000 - 0x00007ffc4d9da000 	D:\IntelliJ IDEA 2021.3\bin\breakgen64.dll
0x000000006a930000 - 0x000000006a94a000 	C:\Program Files\Java\jdk1.8.0_151\jre\bin\net.dll
0x00007ffc5c190000 - 0x00007ffc5c1f7000 	C:\WINDOWS\system32\mswsock.dll

VM Arguments:
jvm_args: -ea -Didea.test.cyclic.buffer.size=1048576 -javaagent:D:\IntelliJ IDEA 2021.3\lib\idea_rt.jar=26052:D:\IntelliJ IDEA 2021.3\bin -Dfile.encoding=UTF-8 
java_command: com.intellij.rt.junit.JUnitStarter -ideVersion5 -junit4 POITest,start
java_class_path (initial): D:\IntelliJ IDEA 2021.3\lib\idea_rt.jar;D:\IntelliJ IDEA 2021.3\plugins\junit\lib\junit5-rt.jar;D:\IntelliJ IDEA 2021.3\plugins\junit\lib\junit-rt.jar;C:\Program Files\Java\jdk1.8.0_151\jre\lib\charsets.jar;C:\Program Files\Java\jdk1.8.0_151\jre\lib\deploy.jar;C:\Program Files\Java\jdk1.8.0_151\jre\lib\ext\access-bridge-64.jar;C:\Program Files\Java\jdk1.8.0_151\jre\lib\ext\cldrdata.jar;C:\Program Files\Java\jdk1.8.0_151\jre\lib\ext\dnsns.jar;C:\Program Files\Java\jdk1.8.0_151\jre\lib\ext\jaccess.jar;C:\Program Files\Java\jdk1.8.0_151\jre\lib\ext\jfxrt.jar;C:\Program Files\Java\jdk1.8.0_151\jre\lib\ext\localedata.jar;C:\Program Files\Java\jdk1.8.0_151\jre\lib\ext\nashorn.jar;C:\Program Files\Java\jdk1.8.0_151\jre\lib\ext\sunec.jar;C:\Program Files\Java\jdk1.8.0_151\jre\lib\ext\sunjce_provider.jar;C:\Program Files\Java\jdk1.8.0_151\jre\lib\ext\sunmscapi.jar;C:\Program Files\Java\jdk1.8.0_151\jre\lib\ext\sunpkcs11.jar;C:\Program Files\Java\jdk1.8.0_151\jre\lib\ext\zipfs.jar;C:\Program Files\Java\jdk1.8.0_151\jre\lib\javaws.jar;C:\Program Files\Java\jdk1.8.0_151\jre\lib\jce.jar;C:\Program Files\Java\jdk1.8.0_151\jre\lib\jfr.jar;C:\Program Files\Java\jdk1.8.0_151\jre\lib\jfxswt.jar;C:\Program Files\Java\jdk1.8.0_151\jre\lib\jsse.jar;C:\Program Files\Java\jdk1.8.0_151\jre\lib\management-agent.jar;C:\Program Files\Java\jdk1.8.0_151\jre\lib\plugin.jar;C:\Program Files\Java\jdk1.8.0_151\jre\lib\resources.jar;C:\Program Files\Java\jdk1.8.0_151\jre\lib\rt.jar;C:\Users\wxf\IdeaProjects\demo_internships\demo_excel\target\classes;D:\apache-maven-3.8.4\maven-repo\org\apache\poi\poi\3.9\poi-3.9.jar;D:\apache-maven-3.8.4\maven-repo\commons-codec\commons-codec\1.5\commons-codec-1.5.jar;D:\apache-maven-3.8.4\maven-repo\org\apache\poi\poi-ooxml\3.9\poi-ooxml-3.9.jar;D:\apache-maven-3.8.4\maven-repo\org\apache\poi\poi-ooxml-schemas\3.9\poi-ooxml-schemas-3.9.jar;D:\apache-maven-3.8.4\maven-repo\org\apache\xmlbeans\xmlbeans\2.3.0\xmlbeans-2.3.0.jar;D:\apache-m
Launcher Type: SUN_STANDARD

Environment Variables:
JAVA_HOME=C:\Program Files\Java\jdk1.8.0_151
CLASSPATH=.;%JAVA_HOMElib;C:\Program Files\Java\jdk1.8.0_151\lib\tool.jar;
PATH=C:\Perl64\site\bin;C:\Perl64\bin;D:\vwware\bin\;C:\WINDOWS\system32;C:\WINDOWS;C:\WINDOWS\System32\Wbem;C:\WINDOWS\System32\WindowsPowerShell\v1.0\;C:\WINDOWS\System32\OpenSSH\;C:\Users\wxf\IntelliJ IDEA 2020.3.2\jdk-17.0.1\bin;C:\Users\wxf\IntelliJ IDEA 2020.3.2\jdk-17.0.1\jre\bin;C:\Users\wxf\IntelliJ IDEA 2020.3.2\apahe-tomcat-9.0.54\bin;C:\Users\wxf\IntelliJ IDEA 2020.3.2\apahe-tomcat-9.0.54\lib;D:\bin;C:\Program Files\Microsoft SQL Server\150\Tools\Binn\;C:\Program Files\Microsoft SQL Server\Client SDK\ODBC\170\Tools\Binn\;C:\Program Files\dotnet\;D:\apache-maven-3.8.4\bin;C:\Users\wxf\IntelliJ IDEA 2020.3.2\apache-tomcat-9.0.54\bin;C:\Program Files\Java\jdk1.8.0_151\bin;D:\Program Files\Git\cmd;D:\Program Files\PuTTY\;D:\xshell\;D:\Program Files\nodejs\;D:\Program Files\Go\bin;D:\Program Files\Redis\;C:\WINDOWS\system32;C:\WINDOWS;C:\WINDOWS\System32\Wbem;C:\WINDOWS\System32\WindowsPowerShell\v1.0\;C:\WINDOWS\System32\OpenSSH\;D:\Scripts\;D:\;C:\Users\wxf\AppData\Local\Programs\Python\Launcher\;C:\Users\wxf\AppData\Local\Microsoft\WindowsApps;D:\Microsoft VS Code\bin;C:\Users\wxf\.dotnet\tools;C:\Program Files\MySQL\MySQL Server 5.5\bin;;D:\Program Files\JetBrains\CLion 2021.3.1\bin;;C:\Users\wxf\AppData\Roaming\npm;C:\Users\wxf\go\bin;D:\Program Files (x86)\Nmap
USERNAME=wxf
OS=Windows_NT
PROCESSOR_IDENTIFIER=Intel64 Family 6 Model 158 Stepping 10, GenuineIntel



---------------  S Y S T E M  ---------------

OS: Windows 10.0 , 64 bit Build 22000 (10.0.22000.708)

CPU:total 12 (initial active 12) (6 cores per cpu, 2 threads per core) family 6 model 158 stepping 10, cmov, cx8, fxsr, mmx, sse, sse2, sse3, ssse3, sse4.1, sse4.2, popcnt, avx, avx2, aes, clmul, erms, 3dnowpref, lzcnt, ht, tsc, tscinvbit, bmi1, bmi2, adx

Memory: 4k page, physical 16610356k(3357900k free), swap 29624708k(3396k free)

vm_info: Java HotSpot(TM) 64-Bit Server VM (25.151-b12) for windows-amd64 JRE (1.8.0_151-b12), built on Sep  5 2017 19:33:46 by "java_re" with MS VC++ 10.0 (VS2010)

time: Mon Jul 04 14:52:19 2022
elapsed time: 0 seconds (0d 0h 0m 0s)

